Traceback (most recent call last):
  File "/opt/hostedtoolcache/Python/3.8.7/x64/lib/python3.8/site-packages/jupyter_cache/executors/utils.py", line 51, in single_nb_execution
    executenb(
  File "/opt/hostedtoolcache/Python/3.8.7/x64/lib/python3.8/site-packages/nbclient/client.py", line 1087, in execute
    return NotebookClient(nb=nb, resources=resources, km=km, **kwargs).execute()
  File "/opt/hostedtoolcache/Python/3.8.7/x64/lib/python3.8/site-packages/nbclient/util.py", line 74, in wrapped
    return just_run(coro(*args, **kwargs))
  File "/opt/hostedtoolcache/Python/3.8.7/x64/lib/python3.8/site-packages/nbclient/util.py", line 53, in just_run
    return loop.run_until_complete(coro)
  File "/opt/hostedtoolcache/Python/3.8.7/x64/lib/python3.8/asyncio/base_events.py", line 616, in run_until_complete
    return future.result()
  File "/opt/hostedtoolcache/Python/3.8.7/x64/lib/python3.8/site-packages/nbclient/client.py", line 540, in async_execute
    await self.async_execute_cell(
  File "/opt/hostedtoolcache/Python/3.8.7/x64/lib/python3.8/site-packages/nbclient/client.py", line 832, in async_execute_cell
    self._check_raise_for_error(cell, exec_reply)
  File "/opt/hostedtoolcache/Python/3.8.7/x64/lib/python3.8/site-packages/nbclient/client.py", line 740, in _check_raise_for_error
    raise CellExecutionError.from_cell_and_msg(cell, exec_reply['content'])
nbclient.exceptions.CellExecutionError: An error occurred while executing the following cell:
------------------
%load_ext autotime
%load_ext nb_black
%matplotlib inline

import os
from collections import defaultdict
import torch
import numpy as np
import pandas as pd
import cvxpy as cp
import scipy.stats
from scipy import optimize
from sympy import *
from torch.distributions import constraints
import matplotlib.pyplot as plt

plt.rcParams["figure.dpi"] = 300
plt.rcParams["figure.figsize"] = (16, 12)

import pyro
import pyro.distributions as dist
from pyro import poutine
from pyro.infer.autoguide import AutoDelta
from pyro.optim import Adam
from pyro.infer import SVI, TraceEnum_ELBO, config_enumerate, infer_discrete

smoke_test = "CI" in os.environ
assert pyro.__version__.startswith("1.5.1")
pyro.enable_validation(True)
------------------

[0;31m---------------------------------------------------------------------------[0m
[0;31mImportError[0m                               Traceback (most recent call last)
[0;32m<ipython-input-1-d0b35c2b9e3f>[0m in [0;36m<module>[0;34m[0m
[1;32m      8[0m [0;32mimport[0m [0mnumpy[0m [0;32mas[0m [0mnp[0m[0;34m[0m[0;34m[0m[0m
[1;32m      9[0m [0;32mimport[0m [0mpandas[0m [0;32mas[0m [0mpd[0m[0;34m[0m[0;34m[0m[0m
[0;32m---> 10[0;31m [0;32mimport[0m [0mcvxpy[0m [0;32mas[0m [0mcp[0m[0;34m[0m[0;34m[0m[0m
[0m[1;32m     11[0m [0;32mimport[0m [0mscipy[0m[0;34m.[0m[0mstats[0m[0;34m[0m[0;34m[0m[0m
[1;32m     12[0m [0;32mfrom[0m [0mscipy[0m [0;32mimport[0m [0moptimize[0m[0;34m[0m[0;34m[0m[0m

[0;32m/opt/hostedtoolcache/Python/3.8.7/x64/lib/python3.8/site-packages/cvxpy/__init__.py[0m in [0;36m<module>[0;34m[0m
[1;32m     16[0m [0;34m[0m[0m
[1;32m     17[0m [0m__version__[0m [0;34m=[0m [0;34m"1.1.7"[0m[0;34m[0m[0;34m[0m[0m
[0;32m---> 18[0;31m [0;32mfrom[0m [0mcvxpy[0m[0;34m.[0m[0matoms[0m [0;32mimport[0m [0;34m*[0m[0;34m[0m[0;34m[0m[0m
[0m[1;32m     19[0m [0;32mfrom[0m [0mcvxpy[0m[0;34m.[0m[0mconstraints[0m [0;32mimport[0m [0mNonPos[0m[0;34m,[0m [0mZero[0m[0;34m,[0m [0mSOC[0m[0;34m,[0m [0mPSD[0m[0;34m[0m[0;34m[0m[0m
[1;32m     20[0m [0;32mfrom[0m [0mcvxpy[0m[0;34m.[0m[0mexpressions[0m[0;34m.[0m[0mexpression[0m [0;32mimport[0m [0mExpression[0m[0;34m[0m[0;34m[0m[0m

[0;32m/opt/hostedtoolcache/Python/3.8.7/x64/lib/python3.8/site-packages/cvxpy/atoms/__init__.py[0m in [0;36m<module>[0;34m[0m
[1;32m     18[0m [0;32mfrom[0m [0mcvxpy[0m[0;34m.[0m[0matoms[0m[0;34m.[0m[0mdist_ratio[0m [0;32mimport[0m [0mdist_ratio[0m[0;34m[0m[0;34m[0m[0m
[1;32m     19[0m [0;32mfrom[0m [0mcvxpy[0m[0;34m.[0m[0matoms[0m[0;34m.[0m[0meye_minus_inv[0m [0;32mimport[0m [0meye_minus_inv[0m[0;34m,[0m [0mresolvent[0m[0;34m[0m[0;34m[0m[0m
[0;32m---> 20[0;31m [0;32mfrom[0m [0mcvxpy[0m[0;34m.[0m[0matoms[0m[0;34m.[0m[0mgeo_mean[0m [0;32mimport[0m [0mgeo_mean[0m[0;34m[0m[0;34m[0m[0m
[0m[1;32m     21[0m [0;32mfrom[0m [0mcvxpy[0m[0;34m.[0m[0matoms[0m[0;34m.[0m[0mgen_lambda_max[0m [0;32mimport[0m [0mgen_lambda_max[0m[0;34m[0m[0;34m[0m[0m
[1;32m     22[0m [0;32mfrom[0m [0mcvxpy[0m[0;34m.[0m[0matoms[0m[0;34m.[0m[0mgmatmul[0m [0;32mimport[0m [0mgmatmul[0m[0;34m[0m[0;34m[0m[0m

[0;32m/opt/hostedtoolcache/Python/3.8.7/x64/lib/python3.8/site-packages/cvxpy/atoms/geo_mean.py[0m in [0;36m<module>[0;34m[0m
[1;32m     18[0m [0;32mimport[0m [0mnumpy[0m [0;32mas[0m [0mnp[0m[0;34m[0m[0;34m[0m[0m
[1;32m     19[0m [0;32mimport[0m [0mscipy[0m[0;34m.[0m[0msparse[0m [0;32mas[0m [0msp[0m[0;34m[0m[0;34m[0m[0m
[0;32m---> 20[0;31m from cvxpy.utilities.power_tools import (fracify, decompose, approx_error, lower_bound,
[0m[1;32m     21[0m                                          over_bound, prettydict)
[1;32m     22[0m [0;34m[0m[0m

[0;32m/opt/hostedtoolcache/Python/3.8.7/x64/lib/python3.8/site-packages/cvxpy/utilities/power_tools.py[0m in [0;36m<module>[0;34m[0m
[1;32m     16[0m [0;34m[0m[0m
[1;32m     17[0m [0;32mfrom[0m [0mfractions[0m [0;32mimport[0m [0mFraction[0m[0;34m[0m[0;34m[0m[0m
[0;32m---> 18[0;31m [0;32mfrom[0m [0mcvxpy[0m[0;34m.[0m[0matoms[0m[0;34m.[0m[0maffine[0m[0;34m.[0m[0mreshape[0m [0;32mimport[0m [0mreshape[0m[0;34m[0m[0;34m[0m[0m
[0m[1;32m     19[0m [0;32mfrom[0m [0mcvxpy[0m[0;34m.[0m[0matoms[0m[0;34m.[0m[0maffine[0m[0;34m.[0m[0mvstack[0m [0;32mimport[0m [0mvstack[0m[0;34m[0m[0;34m[0m[0m
[1;32m     20[0m [0;32mfrom[0m [0mcvxpy[0m[0;34m.[0m[0mconstraints[0m[0;34m.[0m[0msecond_order[0m [0;32mimport[0m [0mSOC[0m[0;34m[0m[0;34m[0m[0m

[0;32m/opt/hostedtoolcache/Python/3.8.7/x64/lib/python3.8/site-packages/cvxpy/atoms/affine/reshape.py[0m in [0;36m<module>[0;34m[0m
[1;32m     16[0m [0;34m[0m[0m
[1;32m     17[0m [0;32mfrom[0m [0mcvxpy[0m[0;34m.[0m[0mexpressions[0m[0;34m.[0m[0mexpression[0m [0;32mimport[0m [0mExpression[0m[0;34m[0m[0;34m[0m[0m
[0;32m---> 18[0;31m [0;32mfrom[0m [0mcvxpy[0m[0;34m.[0m[0matoms[0m[0;34m.[0m[0maffine[0m[0;34m.[0m[0mhstack[0m [0;32mimport[0m [0mhstack[0m[0;34m[0m[0;34m[0m[0m
[0m[1;32m     19[0m [0;32mfrom[0m [0mcvxpy[0m[0;34m.[0m[0matoms[0m[0;34m.[0m[0maffine[0m[0;34m.[0m[0maffine_atom[0m [0;32mimport[0m [0mAffAtom[0m[0;34m[0m[0;34m[0m[0m
[1;32m     20[0m [0;32mimport[0m [0mcvxpy[0m[0;34m.[0m[0mlin_ops[0m[0;34m.[0m[0mlin_utils[0m [0;32mas[0m [0mlu[0m[0;34m[0m[0;34m[0m[0m

[0;32m/opt/hostedtoolcache/Python/3.8.7/x64/lib/python3.8/site-packages/cvxpy/atoms/affine/hstack.py[0m in [0;36m<module>[0;34m[0m
[1;32m     16[0m [0;34m[0m[0m
[1;32m     17[0m [0;32mimport[0m [0mcvxpy[0m[0;34m.[0m[0mlin_ops[0m[0;34m.[0m[0mlin_utils[0m [0;32mas[0m [0mlu[0m[0;34m[0m[0;34m[0m[0m
[0;32m---> 18[0;31m [0;32mfrom[0m [0mcvxpy[0m[0;34m.[0m[0matoms[0m[0;34m.[0m[0maffine[0m[0;34m.[0m[0maffine_atom[0m [0;32mimport[0m [0mAffAtom[0m[0;34m[0m[0;34m[0m[0m
[0m[1;32m     19[0m [0;32mimport[0m [0mnumpy[0m [0;32mas[0m [0mnp[0m[0;34m[0m[0;34m[0m[0m
[1;32m     20[0m [0;34m[0m[0m

[0;32m/opt/hostedtoolcache/Python/3.8.7/x64/lib/python3.8/site-packages/cvxpy/atoms/affine/affine_atom.py[0m in [0;36m<module>[0;34m[0m
[1;32m     20[0m [0;32mimport[0m [0mcvxpy[0m[0;34m.[0m[0mlin_ops[0m[0;34m.[0m[0mlin_utils[0m [0;32mas[0m [0mlu[0m[0;34m[0m[0;34m[0m[0m
[1;32m     21[0m [0;32mfrom[0m [0mcvxpy[0m[0;34m.[0m[0matoms[0m[0;34m.[0m[0matom[0m [0;32mimport[0m [0mAtom[0m[0;34m[0m[0;34m[0m[0m
[0;32m---> 22[0;31m [0;32mfrom[0m [0mcvxpy[0m[0;34m.[0m[0mcvxcore[0m[0;34m.[0m[0mpython[0m [0;32mimport[0m [0mcanonInterface[0m[0;34m[0m[0;34m[0m[0m
[0m[1;32m     23[0m [0;32mfrom[0m [0mcvxpy[0m[0;34m.[0m[0mexpressions[0m[0;34m.[0m[0mconstants[0m [0;32mimport[0m [0mConstant[0m[0;34m[0m[0;34m[0m[0m
[1;32m     24[0m [0;32mfrom[0m [0mcvxpy[0m[0;34m.[0m[0mutilities[0m [0;32mimport[0m [0mperformance_utils[0m [0;32mas[0m [0mperf[0m[0;34m[0m[0;34m[0m[0m

[0;32m/opt/hostedtoolcache/Python/3.8.7/x64/lib/python3.8/site-packages/cvxpy/cvxcore/python/__init__.py[0m in [0;36m<module>[0;34m[0m
[1;32m      1[0m [0;31m# TODO(akshayka): This is a hack; the swig-auto-generated cvxcore.py[0m[0;34m[0m[0;34m[0m[0;34m[0m[0m
[1;32m      2[0m [0;31m# tries to import cvxcore as `from . import _cvxcore`[0m[0;34m[0m[0;34m[0m[0;34m[0m[0m
[0;32m----> 3[0;31m [0;32mimport[0m [0m_cvxcore[0m[0;34m[0m[0;34m[0m[0m
[0m
[0;31mImportError[0m: numpy.core.multiarray failed to import
ImportError: numpy.core.multiarray failed to import

